[2025-05-26 07:22:05] local.INFO: Buy Now Checkout request: {"product_id":"PRODUCT-RJ2ROA","size":null,"color":null,"quantity":"1"} 
[2025-05-26 07:22:05] local.INFO: Product details: {"product_id":"PRODUCT-RJ2ROA","product_name":"20pcs Wooden Candles Wick DIY Candle Making Kit Smokeless Candle Core with Clip Base Handmade Candle Wood Core Candlewick"} 
[2025-05-26 07:22:35] local.ERROR: Failed to send SMS to vendor: SMS Failed: Not enough money in the wallet  
[2025-06-02 08:07:12] local.ERROR: Failed to send SMS to vendor: SMS Failed: Not enough money in the wallet  
[2025-06-02 08:20:02] local.ERROR: Failed to send SMS to vendor: SMS Failed: Not enough money in the wallet  
[2025-06-02 12:43:33] local.ERROR: Attempt to read property "id" on null {"exception":"[object] (ErrorException(code: 0): Attempt to read property \"id\" on null at D:\\Manulas Doc\\Project\\Intern\\Project\\omcnew project\\OMCNEW\\app\\Http\\Controllers\\UserDashboardController.php:457)
[stacktrace]
#0 D:\\Manulas Doc\\Project\\Intern\\Project\\omcnew project\\OMCNEW\\vendor\\laravel\\framework\\src\\Illuminate\\Foundation\\Bootstrap\\HandleExceptions.php(290): Illuminate\\Foundation\\Bootstrap\\HandleExceptions->handleError(2, 'Attempt to read...', 'D:\\\\Manulas Doc\\\\...', 457)
#1 D:\\Manulas Doc\\Project\\Intern\\Project\\omcnew project\\OMCNEW\\app\\Http\\Controllers\\UserDashboardController.php(457): Illuminate\\Foundation\\Bootstrap\\HandleExceptions->Illuminate\\Foundation\\Bootstrap\\{closure}(2, 'Attempt to read...', 'D:\\\\Manulas Doc\\\\...', 457)
#2 D:\\Manulas Doc\\Project\\Intern\\Project\\omcnew project\\OMCNEW\\vendor\\laravel\\framework\\src\\Illuminate\\Routing\\Controller.php(54): App\\Http\\Controllers\\UserDashboardController->showAddresses()
#3 D:\\Manulas Doc\\Project\\Intern\\Project\\omcnew project\\OMCNEW\\vendor\\laravel\\framework\\src\\Illuminate\\Routing\\ControllerDispatcher.php(44): Illuminate\\Routing\\Controller->callAction('showAddresses', Array)
#4 D:\\Manulas Doc\\Project\\Intern\\Project\\omcnew project\\OMCNEW\\vendor\\laravel\\framework\\src\\Illuminate\\Routing\\Route.php(266): Illuminate\\Routing\\ControllerDispatcher->dispatch(Object(Illuminate\\Routing\\Route), Object(App\\Http\\Controllers\\UserDashboardController), 'showAddresses')
#5 D:\\Manulas Doc\\Project\\Intern\\Project\\omcnew project\\OMCNEW\\vendor\\laravel\\framework\\src\\Illuminate\\Routing\\Route.php(212): Illuminate\\Routing\\Route->runController()
#6 D:\\Manulas Doc\\Project\\Intern\\Project\\omcnew project\\OMCNEW\\vendor\\laravel\\framework\\src\\Illuminate\\Routing\\Router.php(808): Illuminate\\Routing\\Route->run()
#7 D:\\Manulas Doc\\Project\\Intern\\Project\\omcnew project\\OMCNEW\\vendor\\laravel\\framework\\src\\Illuminate\\Pipeline\\Pipeline.php(144): Illuminate\\Routing\\Router->Illuminate\\Routing\\{closure}(Object(Illuminate\\Http\\Request))
#8 D:\\Manulas Doc\\Project\\Intern\\Project\\omcnew project\\OMCNEW\\vendor\\laravel\\framework\\src\\Illuminate\\Routing\\Middleware\\SubstituteBindings.php(51): Illuminate\\Pipeline\\Pipeline->Illuminate\\Pipeline\\{closure}(Object(Illuminate\\Http\\Request))
#9 D:\\Manulas Doc\\Project\\Intern\\Project\\omcnew project\\OMCNEW\\vendor\\laravel\\framework\\src\\Illuminate\\Pipeline\\Pipeline.php(183): Illuminate\\Routing\\Middleware\\SubstituteBindings->handle(Object(Illuminate\\Http\\Request), Object(Closure))
#10 D:\\Manulas Doc\\Project\\Intern\\Project\\omcnew project\\OMCNEW\\vendor\\laravel\\framework\\src\\Illuminate\\Foundation\\Http\\Middleware\\VerifyCsrfToken.php(88): Illuminate\\Pipeline\\Pipeline->Illuminate\\Pipeline\\{closure}(Object(Illuminate\\Http\\Request))
#11 D:\\Manulas Doc\\Project\\Intern\\Project\\omcnew project\\OMCNEW\\vendor\\laravel\\framework\\src\\Illuminate\\Pipeline\\Pipeline.php(183): Illuminate\\Foundation\\Http\\Middleware\\VerifyCsrfToken->handle(Object(Illuminate\\Http\\Request), Object(Closure))
#12 D:\\Manulas Doc\\Project\\Intern\\Project\\omcnew project\\OMCNEW\\vendor\\laravel\\framework\\src\\Illuminate\\View\\Middleware\\ShareErrorsFromSession.php(49): Illuminate\\Pipeline\\Pipeline->Illuminate\\Pipeline\\{closure}(Object(Illuminate\\Http\\Request))
#13 D:\\Manulas Doc\\Project\\Intern\\Project\\omcnew project\\OMCNEW\\vendor\\laravel\\framework\\src\\Illuminate\\Pipeline\\Pipeline.php(183): Illuminate\\View\\Middleware\\ShareErrorsFromSession->handle(Object(Illuminate\\Http\\Request), Object(Closure))
#14 D:\\Manulas Doc\\Project\\Intern\\Project\\omcnew project\\OMCNEW\\vendor\\laravel\\framework\\src\\Illuminate\\Session\\Middleware\\StartSession.php(121): Illuminate\\Pipeline\\Pipeline->Illuminate\\Pipeline\\{closure}(Object(Illuminate\\Http\\Request))
#15 D:\\Manulas Doc\\Project\\Intern\\Project\\omcnew project\\OMCNEW\\vendor\\laravel\\framework\\src\\Illuminate\\Session\\Middleware\\StartSession.php(64): Illuminate\\Session\\Middleware\\StartSession->handleStatefulRequest(Object(Illuminate\\Http\\Request), Object(Illuminate\\Session\\Store), Object(Closure))
#16 D:\\Manulas Doc\\Project\\Intern\\Project\\omcnew project\\OMCNEW\\vendor\\laravel\\framework\\src\\Illuminate\\Pipeline\\Pipeline.php(183): Illuminate\\Session\\Middleware\\StartSession->handle(Object(Illuminate\\Http\\Request), Object(Closure))
#17 D:\\Manulas Doc\\Project\\Intern\\Project\\omcnew project\\OMCNEW\\vendor\\laravel\\framework\\src\\Illuminate\\Cookie\\Middleware\\AddQueuedCookiesToResponse.php(37): Illuminate\\Pipeline\\Pipeline->Illuminate\\Pipeline\\{closure}(Object(Illuminate\\Http\\Request))
#18 D:\\Manulas Doc\\Project\\Intern\\Project\\omcnew project\\OMCNEW\\vendor\\laravel\\framework\\src\\Illuminate\\Pipeline\\Pipeline.php(183): Illuminate\\Cookie\\Middleware\\AddQueuedCookiesToResponse->handle(Object(Illuminate\\Http\\Request), Object(Closure))
#19 D:\\Manulas Doc\\Project\\Intern\\Project\\omcnew project\\OMCNEW\\vendor\\laravel\\framework\\src\\Illuminate\\Cookie\\Middleware\\EncryptCookies.php(75): Illuminate\\Pipeline\\Pipeline->Illuminate\\Pipeline\\{closure}(Object(Illuminate\\Http\\Request))
#20 D:\\Manulas Doc\\Project\\Intern\\Project\\omcnew project\\OMCNEW\\vendor\\laravel\\framework\\src\\Illuminate\\Pipeline\\Pipeline.php(183): Illuminate\\Cookie\\Middleware\\EncryptCookies->handle(Object(Illuminate\\Http\\Request), Object(Closure))
#21 D:\\Manulas Doc\\Project\\Intern\\Project\\omcnew project\\OMCNEW\\vendor\\laravel\\framework\\src\\Illuminate\\Pipeline\\Pipeline.php(119): Illuminate\\Pipeline\\Pipeline->Illuminate\\Pipeline\\{closure}(Object(Illuminate\\Http\\Request))
#22 D:\\Manulas Doc\\Project\\Intern\\Project\\omcnew project\\OMCNEW\\vendor\\laravel\\framework\\src\\Illuminate\\Routing\\Router.php(807): Illuminate\\Pipeline\\Pipeline->then(Object(Closure))
#23 D:\\Manulas Doc\\Project\\Intern\\Project\\omcnew project\\OMCNEW\\vendor\\laravel\\framework\\src\\Illuminate\\Routing\\Router.php(786): Illuminate\\Routing\\Router->runRouteWithinStack(Object(Illuminate\\Routing\\Route), Object(Illuminate\\Http\\Request))
#24 D:\\Manulas Doc\\Project\\Intern\\Project\\omcnew project\\OMCNEW\\vendor\\laravel\\framework\\src\\Illuminate\\Routing\\Router.php(750): Illuminate\\Routing\\Router->runRoute(Object(Illuminate\\Http\\Request), Object(Illuminate\\Routing\\Route))
#25 D:\\Manulas Doc\\Project\\Intern\\Project\\omcnew project\\OMCNEW\\vendor\\laravel\\framework\\src\\Illuminate\\Routing\\Router.php(739): Illuminate\\Routing\\Router->dispatchToRoute(Object(Illuminate\\Http\\Request))
#26 D:\\Manulas Doc\\Project\\Intern\\Project\\omcnew project\\OMCNEW\\vendor\\laravel\\framework\\src\\Illuminate\\Foundation\\Http\\Kernel.php(201): Illuminate\\Routing\\Router->dispatch(Object(Illuminate\\Http\\Request))
#27 D:\\Manulas Doc\\Project\\Intern\\Project\\omcnew project\\OMCNEW\\vendor\\laravel\\framework\\src\\Illuminate\\Pipeline\\Pipeline.php(144): Illuminate\\Foundation\\Http\\Kernel->Illuminate\\Foundation\\Http\\{closure}(Object(Illuminate\\Http\\Request))
#28 D:\\Manulas Doc\\Project\\Intern\\Project\\omcnew project\\OMCNEW\\vendor\\laravel\\framework\\src\\Illuminate\\Foundation\\Http\\Middleware\\TransformsRequest.php(21): Illuminate\\Pipeline\\Pipeline->Illuminate\\Pipeline\\{closure}(Object(Illuminate\\Http\\Request))
#29 D:\\Manulas Doc\\Project\\Intern\\Project\\omcnew project\\OMCNEW\\vendor\\laravel\\framework\\src\\Illuminate\\Foundation\\Http\\Middleware\\ConvertEmptyStringsToNull.php(31): Illuminate\\Foundation\\Http\\Middleware\\TransformsRequest->handle(Object(Illuminate\\Http\\Request), Object(Closure))
#30 D:\\Manulas Doc\\Project\\Intern\\Project\\omcnew project\\OMCNEW\\vendor\\laravel\\framework\\src\\Illuminate\\Pipeline\\Pipeline.php(183): Illuminate\\Foundation\\Http\\Middleware\\ConvertEmptyStringsToNull->handle(Object(Illuminate\\Http\\Request), Object(Closure))
#31 D:\\Manulas Doc\\Project\\Intern\\Project\\omcnew project\\OMCNEW\\vendor\\laravel\\framework\\src\\Illuminate\\Foundation\\Http\\Middleware\\TransformsRequest.php(21): Illuminate\\Pipeline\\Pipeline->Illuminate\\Pipeline\\{closure}(Object(Illuminate\\Http\\Request))
#32 D:\\Manulas Doc\\Project\\Intern\\Project\\omcnew project\\OMCNEW\\vendor\\laravel\\framework\\src\\Illuminate\\Foundation\\Http\\Middleware\\TrimStrings.php(51): Illuminate\\Foundation\\Http\\Middleware\\TransformsRequest->handle(Object(Illuminate\\Http\\Request), Object(Closure))
#33 D:\\Manulas Doc\\Project\\Intern\\Project\\omcnew project\\OMCNEW\\vendor\\laravel\\framework\\src\\Illuminate\\Pipeline\\Pipeline.php(183): Illuminate\\Foundation\\Http\\Middleware\\TrimStrings->handle(Object(Illuminate\\Http\\Request), Object(Closure))
#34 D:\\Manulas Doc\\Project\\Intern\\Project\\omcnew project\\OMCNEW\\vendor\\laravel\\framework\\src\\Illuminate\\Http\\Middleware\\ValidatePostSize.php(27): Illuminate\\Pipeline\\Pipeline->Illuminate\\Pipeline\\{closure}(Object(Illuminate\\Http\\Request))
#35 D:\\Manulas Doc\\Project\\Intern\\Project\\omcnew project\\OMCNEW\\vendor\\laravel\\framework\\src\\Illuminate\\Pipeline\\Pipeline.php(183): Illuminate\\Http\\Middleware\\ValidatePostSize->handle(Object(Illuminate\\Http\\Request), Object(Closure))
#36 D:\\Manulas Doc\\Project\\Intern\\Project\\omcnew project\\OMCNEW\\vendor\\laravel\\framework\\src\\Illuminate\\Foundation\\Http\\Middleware\\PreventRequestsDuringMaintenance.php(110): Illuminate\\Pipeline\\Pipeline->Illuminate\\Pipeline\\{closure}(Object(Illuminate\\Http\\Request))
#37 D:\\Manulas Doc\\Project\\Intern\\Project\\omcnew project\\OMCNEW\\vendor\\laravel\\framework\\src\\Illuminate\\Pipeline\\Pipeline.php(183): Illuminate\\Foundation\\Http\\Middleware\\PreventRequestsDuringMaintenance->handle(Object(Illuminate\\Http\\Request), Object(Closure))
#38 D:\\Manulas Doc\\Project\\Intern\\Project\\omcnew project\\OMCNEW\\vendor\\laravel\\framework\\src\\Illuminate\\Http\\Middleware\\HandleCors.php(49): Illuminate\\Pipeline\\Pipeline->Illuminate\\Pipeline\\{closure}(Object(Illuminate\\Http\\Request))
#39 D:\\Manulas Doc\\Project\\Intern\\Project\\omcnew project\\OMCNEW\\vendor\\laravel\\framework\\src\\Illuminate\\Pipeline\\Pipeline.php(183): Illuminate\\Http\\Middleware\\HandleCors->handle(Object(Illuminate\\Http\\Request), Object(Closure))
#40 D:\\Manulas Doc\\Project\\Intern\\Project\\omcnew project\\OMCNEW\\vendor\\laravel\\framework\\src\\Illuminate\\Http\\Middleware\\TrustProxies.php(58): Illuminate\\Pipeline\\Pipeline->Illuminate\\Pipeline\\{closure}(Object(Illuminate\\Http\\Request))
#41 D:\\Manulas Doc\\Project\\Intern\\Project\\omcnew project\\OMCNEW\\vendor\\laravel\\framework\\src\\Illuminate\\Pipeline\\Pipeline.php(183): Illuminate\\Http\\Middleware\\TrustProxies->handle(Object(Illuminate\\Http\\Request), Object(Closure))
#42 D:\\Manulas Doc\\Project\\Intern\\Project\\omcnew project\\OMCNEW\\vendor\\laravel\\framework\\src\\Illuminate\\Foundation\\Http\\Middleware\\InvokeDeferredCallbacks.php(22): Illuminate\\Pipeline\\Pipeline->Illuminate\\Pipeline\\{closure}(Object(Illuminate\\Http\\Request))
#43 D:\\Manulas Doc\\Project\\Intern\\Project\\omcnew project\\OMCNEW\\vendor\\laravel\\framework\\src\\Illuminate\\Pipeline\\Pipeline.php(183): Illuminate\\Foundation\\Http\\Middleware\\InvokeDeferredCallbacks->handle(Object(Illuminate\\Http\\Request), Object(Closure))
#44 D:\\Manulas Doc\\Project\\Intern\\Project\\omcnew project\\OMCNEW\\vendor\\laravel\\framework\\src\\Illuminate\\Pipeline\\Pipeline.php(119): Illuminate\\Pipeline\\Pipeline->Illuminate\\Pipeline\\{closure}(Object(Illuminate\\Http\\Request))
#45 D:\\Manulas Doc\\Project\\Intern\\Project\\omcnew project\\OMCNEW\\vendor\\laravel\\framework\\src\\Illuminate\\Foundation\\Http\\Kernel.php(176): Illuminate\\Pipeline\\Pipeline->then(Object(Closure))
#46 D:\\Manulas Doc\\Project\\Intern\\Project\\omcnew project\\OMCNEW\\vendor\\laravel\\framework\\src\\Illuminate\\Foundation\\Http\\Kernel.php(145): Illuminate\\Foundation\\Http\\Kernel->sendRequestThroughRouter(Object(Illuminate\\Http\\Request))
#47 D:\\Manulas Doc\\Project\\Intern\\Project\\omcnew project\\OMCNEW\\vendor\\laravel\\framework\\src\\Illuminate\\Foundation\\Application.php(1190): Illuminate\\Foundation\\Http\\Kernel->handle(Object(Illuminate\\Http\\Request))
#48 D:\\Manulas Doc\\Project\\Intern\\Project\\omcnew project\\OMCNEW\\public\\index.php(17): Illuminate\\Foundation\\Application->handleRequest(Object(Illuminate\\Http\\Request))
#49 D:\\Manulas Doc\\Project\\Intern\\Project\\omcnew project\\OMCNEW\\vendor\\laravel\\framework\\src\\Illuminate\\Foundation\\resources\\server.php(23): require_once('D:\\\\Manulas Doc\\\\...')
#50 {main}
"} 
